<?xml version="1.0" encoding="UTF-8"?>
<coverage generated="1748283499690" clover="3.2.0">
  <project timestamp="1748283499690" name="All files">
    <metrics statements="18" coveredstatements="17" conditionals="16" coveredconditionals="15" methods="6" coveredmethods="6" elements="40" coveredelements="38" complexity="0" loc="18" ncloc="18" packages="1" files="1" classes="1"/>
    <file name="logic.js" path="C:\Users\User\Game_NumGuess\src\core\logic.js">
      <metrics statements="18" coveredstatements="17" conditionals="16" coveredconditionals="15" methods="6" coveredmethods="6"/>
      <line num="2" count="3" type="stmt"/>
      <line num="3" count="8" type="stmt"/>
      <line num="4" count="3" type="stmt"/>
      <line num="5" count="3" type="stmt"/>
      <line num="6" count="3" type="stmt"/>
      <line num="7" count="3" type="cond" truecount="2" falsecount="0"/>
      <line num="10" count="3" type="stmt"/>
      <line num="11" count="3" type="stmt"/>
      <line num="14" count="3" type="stmt"/>
      <line num="15" count="5" type="stmt"/>
      <line num="17" count="5" type="cond" truecount="4" falsecount="0"/>
      <line num="18" count="2" type="stmt"/>
      <line num="21" count="13" type="cond" truecount="5" falsecount="0"/>
      <line num="22" count="1" type="stmt"/>
      <line num="25" count="5" type="cond" truecount="4" falsecount="1"/>
      <line num="26" count="0" type="stmt"/>
      <line num="29" count="5" type="stmt"/>
      <line num="33" count="3" type="stmt"/>
    </file>
  </project>
</coverage>
