<?xml version="1.0" encoding="UTF-8"?>
<coverage generated="1748275457986" clover="3.2.0">
  <project timestamp="1748275457986" name="All files">
    <metrics statements="17" coveredstatements="13" conditionals="16" coveredconditionals="12" methods="6" coveredmethods="5" elements="39" coveredelements="30" complexity="0" loc="17" ncloc="17" packages="1" files="1" classes="1"/>
    <file name="logic.js" path="C:\Users\User\Game_NumGuess\src\core\logic.js">
      <metrics statements="17" coveredstatements="13" conditionals="16" coveredconditionals="12" methods="6" coveredmethods="5"/>
      <line num="1" count="1" type="stmt"/>
      <line num="2" count="3" type="stmt"/>
      <line num="3" count="1" type="stmt"/>
      <line num="4" count="1" type="stmt"/>
      <line num="5" count="1" type="stmt"/>
      <line num="6" count="1" type="cond" truecount="1" falsecount="1"/>
      <line num="9" count="1" type="stmt"/>
      <line num="10" count="0" type="stmt"/>
      <line num="13" count="1" type="stmt"/>
      <line num="14" count="1" type="stmt"/>
      <line num="16" count="1" type="cond" truecount="3" falsecount="1"/>
      <line num="17" count="0" type="stmt"/>
      <line num="20" count="2" type="cond" truecount="4" falsecount="1"/>
      <line num="21" count="0" type="stmt"/>
      <line num="24" count="1" type="cond" truecount="4" falsecount="1"/>
      <line num="25" count="0" type="stmt"/>
      <line num="28" count="1" type="stmt"/>
    </file>
  </project>
</coverage>
