{"C:\\Users\\User\\Game_NumGuess\\src\\core\\logic.js": {"path":"C:\\Users\\User\\Game_NumGuess\\src\\core\\logic.js","statementMap":{"0":{"start":{"line":1,"column":36},"end":{"line":7,"column":1}},"1":{"start":{"line":2,"column":19},"end":{"line":2,"column":88}},"2":{"start":{"line":2,"column":43},"end":{"line":2,"column":60}},"3":{"start":{"line":2,"column":79},"end":{"line":2,"column":84}},"4":{"start":{"line":3,"column":16},"end":{"line":3,"column":35}},"5":{"start":{"line":4,"column":23},"end":{"line":4,"column":47}},"6":{"start":{"line":5,"column":22},"end":{"line":5,"column":42}},"7":{"start":{"line":6,"column":2},"end":{"line":6,"column":45}},"8":{"start":{"line":9,"column":37},"end":{"line":11,"column":1}},"9":{"start":{"line":10,"column":2},"end":{"line":10,"column":55}},"10":{"start":{"line":13,"column":29},"end":{"line":29,"column":1}},"11":{"start":{"line":14,"column":17},"end":{"line":14,"column":19}},"12":{"start":{"line":16,"column":2},"end":{"line":18,"column":3}},"13":{"start":{"line":17,"column":4},"end":{"line":17,"column":65}},"14":{"start":{"line":20,"column":2},"end":{"line":22,"column":3}},"15":{"start":{"line":20,"column":23},"end":{"line":20,"column":49}},"16":{"start":{"line":21,"column":4},"end":{"line":21,"column":49}},"17":{"start":{"line":24,"column":2},"end":{"line":26,"column":3}},"18":{"start":{"line":25,"column":4},"end":{"line":25,"column":52}},"19":{"start":{"line":28,"column":2},"end":{"line":28,"column":16}}},"fnMap":{"0":{"name":"(anonymous_0)","decl":{"start":{"line":1,"column":36},"end":{"line":1,"column":37}},"loc":{"start":{"line":1,"column":71},"end":{"line":7,"column":1}},"line":1},"1":{"name":"(anonymous_1)","decl":{"start":{"line":2,"column":33},"end":{"line":2,"column":34}},"loc":{"start":{"line":2,"column":43},"end":{"line":2,"column":60}},"line":2},"2":{"name":"(anonymous_2)","decl":{"start":{"line":2,"column":69},"end":{"line":2,"column":70}},"loc":{"start":{"line":2,"column":79},"end":{"line":2,"column":84}},"line":2},"3":{"name":"(anonymous_3)","decl":{"start":{"line":9,"column":37},"end":{"line":9,"column":38}},"loc":{"start":{"line":9,"column":65},"end":{"line":11,"column":1}},"line":9},"4":{"name":"(anonymous_4)","decl":{"start":{"line":13,"column":29},"end":{"line":13,"column":30}},"loc":{"start":{"line":13,"column":64},"end":{"line":29,"column":1}},"line":13},"5":{"name":"(anonymous_5)","decl":{"start":{"line":20,"column":18},"end":{"line":20,"column":19}},"loc":{"start":{"line":20,"column":23},"end":{"line":20,"column":49}},"line":20}},"branchMap":{"0":{"loc":{"start":{"line":6,"column":9},"end":{"line":6,"column":44}},"type":"cond-expr","locations":[{"start":{"line":6,"column":29},"end":{"line":6,"column":30}},{"start":{"line":6,"column":33},"end":{"line":6,"column":44}}],"line":6},"1":{"loc":{"start":{"line":16,"column":2},"end":{"line":18,"column":3}},"type":"if","locations":[{"start":{"line":16,"column":2},"end":{"line":18,"column":3}},{"start":{},"end":{}}],"line":16},"2":{"loc":{"start":{"line":16,"column":6},"end":{"line":16,"column":44}},"type":"binary-expr","locations":[{"start":{"line":16,"column":6},"end":{"line":16,"column":23}},{"start":{"line":16,"column":27},"end":{"line":16,"column":44}}],"line":16},"3":{"loc":{"start":{"line":20,"column":2},"end":{"line":22,"column":3}},"type":"if","locations":[{"start":{"line":20,"column":2},"end":{"line":22,"column":3}},{"start":{},"end":{}}],"line":20},"4":{"loc":{"start":{"line":20,"column":23},"end":{"line":20,"column":49}},"type":"binary-expr","locations":[{"start":{"line":20,"column":23},"end":{"line":20,"column":31}},{"start":{"line":20,"column":35},"end":{"line":20,"column":40}},{"start":{"line":20,"column":44},"end":{"line":20,"column":49}}],"line":20},"5":{"loc":{"start":{"line":24,"column":2},"end":{"line":26,"column":3}},"type":"if","locations":[{"start":{"line":24,"column":2},"end":{"line":26,"column":3}},{"start":{},"end":{}}],"line":24},"6":{"loc":{"start":{"line":24,"column":6},"end":{"line":24,"column":63}},"type":"binary-expr","locations":[{"start":{"line":24,"column":6},"end":{"line":24,"column":21}},{"start":{"line":24,"column":25},"end":{"line":24,"column":37}},{"start":{"line":24,"column":41},"end":{"line":24,"column":63}}],"line":24}},"s":{"0":1,"1":1,"2":3,"3":2,"4":1,"5":1,"6":1,"7":1,"8":1,"9":0,"10":1,"11":1,"12":1,"13":0,"14":1,"15":2,"16":0,"17":1,"18":0,"19":1},"f":{"0":1,"1":3,"2":2,"3":0,"4":1,"5":2},"b":{"0":[0,1],"1":[0,1],"2":[1,1],"3":[0,1],"4":[2,2,2],"5":[0,1],"6":[1,1,1]},"_coverageSchema":"1a1c01bbd47fc00a2c39e90264f33305004495a9","hash":"a6c2075381c8bcc5f120b9ff5ef78baf58d2ff76"}
}
