{"C:\\Users\\User\\Game_NumGuess\\src\\core\\logic.js": {"path":"C:\\Users\\User\\Game_NumGuess\\src\\core\\logic.js","statementMap":{"0":{"start":{"line":2,"column":29},"end":{"line":8,"column":1}},"1":{"start":{"line":3,"column":19},"end":{"line":3,"column":88}},"2":{"start":{"line":3,"column":43},"end":{"line":3,"column":60}},"3":{"start":{"line":3,"column":79},"end":{"line":3,"column":84}},"4":{"start":{"line":4,"column":16},"end":{"line":4,"column":35}},"5":{"start":{"line":5,"column":23},"end":{"line":5,"column":47}},"6":{"start":{"line":6,"column":22},"end":{"line":6,"column":42}},"7":{"start":{"line":7,"column":2},"end":{"line":7,"column":45}},"8":{"start":{"line":10,"column":30},"end":{"line":12,"column":1}},"9":{"start":{"line":11,"column":2},"end":{"line":11,"column":55}},"10":{"start":{"line":14,"column":22},"end":{"line":31,"column":1}},"11":{"start":{"line":15,"column":17},"end":{"line":15,"column":19}},"12":{"start":{"line":17,"column":2},"end":{"line":19,"column":3}},"13":{"start":{"line":18,"column":4},"end":{"line":18,"column":65}},"14":{"start":{"line":21,"column":2},"end":{"line":23,"column":3}},"15":{"start":{"line":21,"column":23},"end":{"line":21,"column":49}},"16":{"start":{"line":22,"column":4},"end":{"line":22,"column":49}},"17":{"start":{"line":25,"column":2},"end":{"line":27,"column":3}},"18":{"start":{"line":26,"column":4},"end":{"line":26,"column":52}},"19":{"start":{"line":29,"column":2},"end":{"line":29,"column":16}},"20":{"start":{"line":33,"column":2},"end":{"line":37,"column":2}}},"fnMap":{"0":{"name":"(anonymous_0)","decl":{"start":{"line":2,"column":29},"end":{"line":2,"column":30}},"loc":{"start":{"line":2,"column":64},"end":{"line":8,"column":1}},"line":2},"1":{"name":"(anonymous_1)","decl":{"start":{"line":3,"column":33},"end":{"line":3,"column":34}},"loc":{"start":{"line":3,"column":43},"end":{"line":3,"column":60}},"line":3},"2":{"name":"(anonymous_2)","decl":{"start":{"line":3,"column":69},"end":{"line":3,"column":70}},"loc":{"start":{"line":3,"column":79},"end":{"line":3,"column":84}},"line":3},"3":{"name":"(anonymous_3)","decl":{"start":{"line":10,"column":30},"end":{"line":10,"column":31}},"loc":{"start":{"line":10,"column":58},"end":{"line":12,"column":1}},"line":10},"4":{"name":"(anonymous_4)","decl":{"start":{"line":14,"column":22},"end":{"line":14,"column":23}},"loc":{"start":{"line":14,"column":57},"end":{"line":31,"column":1}},"line":14},"5":{"name":"(anonymous_5)","decl":{"start":{"line":21,"column":18},"end":{"line":21,"column":19}},"loc":{"start":{"line":21,"column":23},"end":{"line":21,"column":49}},"line":21}},"branchMap":{"0":{"loc":{"start":{"line":7,"column":9},"end":{"line":7,"column":44}},"type":"cond-expr","locations":[{"start":{"line":7,"column":29},"end":{"line":7,"column":30}},{"start":{"line":7,"column":33},"end":{"line":7,"column":44}}],"line":7},"1":{"loc":{"start":{"line":17,"column":2},"end":{"line":19,"column":3}},"type":"if","locations":[{"start":{"line":17,"column":2},"end":{"line":19,"column":3}},{"start":{},"end":{}}],"line":17},"2":{"loc":{"start":{"line":17,"column":6},"end":{"line":17,"column":44}},"type":"binary-expr","locations":[{"start":{"line":17,"column":6},"end":{"line":17,"column":23}},{"start":{"line":17,"column":27},"end":{"line":17,"column":44}}],"line":17},"3":{"loc":{"start":{"line":21,"column":2},"end":{"line":23,"column":3}},"type":"if","locations":[{"start":{"line":21,"column":2},"end":{"line":23,"column":3}},{"start":{},"end":{}}],"line":21},"4":{"loc":{"start":{"line":21,"column":23},"end":{"line":21,"column":49}},"type":"binary-expr","locations":[{"start":{"line":21,"column":23},"end":{"line":21,"column":31}},{"start":{"line":21,"column":35},"end":{"line":21,"column":40}},{"start":{"line":21,"column":44},"end":{"line":21,"column":49}}],"line":21},"5":{"loc":{"start":{"line":25,"column":2},"end":{"line":27,"column":3}},"type":"if","locations":[{"start":{"line":25,"column":2},"end":{"line":27,"column":3}},{"start":{},"end":{}}],"line":25},"6":{"loc":{"start":{"line":25,"column":6},"end":{"line":25,"column":63}},"type":"binary-expr","locations":[{"start":{"line":25,"column":6},"end":{"line":25,"column":21}},{"start":{"line":25,"column":25},"end":{"line":25,"column":37}},{"start":{"line":25,"column":41},"end":{"line":25,"column":63}}],"line":25}},"s":{"0":3,"1":3,"2":8,"3":5,"4":3,"5":3,"6":3,"7":3,"8":3,"9":3,"10":3,"11":5,"12":5,"13":2,"14":5,"15":13,"16":1,"17":5,"18":0,"19":5,"20":3},"f":{"0":3,"1":8,"2":5,"3":3,"4":5,"5":13},"b":{"0":[1,2],"1":[2,3],"2":[5,4],"3":[1,4],"4":[13,13,13],"5":[0,5],"6":[5,5,5]},"_coverageSchema":"1a1c01bbd47fc00a2c39e90264f33305004495a9","hash":"d91bb66ac7eec4aa632363a77684a11b31a1b0f8"}
}
