TN:
SF:src\core\logic.js
FN:2,(anonymous_0)
FN:3,(anonymous_1)
FN:3,(anonymous_2)
FN:10,(anonymous_3)
FN:14,(anonymous_4)
FN:21,(anonymous_5)
FNF:6
FNH:6
FNDA:3,(anonymous_0)
FNDA:8,(anonymous_1)
FNDA:5,(anonymous_2)
FNDA:3,(anonymous_3)
FNDA:5,(anonymous_4)
FNDA:13,(anonymous_5)
DA:2,3
DA:3,8
DA:4,3
DA:5,3
DA:6,3
DA:7,3
DA:10,3
DA:11,3
DA:14,3
DA:15,5
DA:17,5
DA:18,2
DA:21,13
DA:22,1
DA:25,5
DA:26,0
DA:29,5
DA:33,3
LF:18
LH:17
BRDA:7,0,0,1
BRDA:7,0,1,2
BRDA:17,1,0,2
BRDA:17,1,1,3
BRDA:17,2,0,5
BRDA:17,2,1,4
BRDA:21,3,0,1
BRDA:21,3,1,4
BRDA:21,4,0,13
BRDA:21,4,1,13
BRDA:21,4,2,13
BRDA:25,5,0,0
BRDA:25,5,1,5
BRDA:25,6,0,5
BRDA:25,6,1,5
BRDA:25,6,2,5
BRF:16
BRH:15
end_of_record
