TN:
SF:src\core\logic.js
FN:1,(anonymous_0)
FN:2,(anonymous_1)
FN:2,(anonymous_2)
FN:9,(anonymous_3)
FN:13,(anonymous_4)
FN:20,(anonymous_5)
FNF:6
FNH:5
FNDA:1,(anonymous_0)
FNDA:3,(anonymous_1)
FNDA:2,(anonymous_2)
FNDA:0,(anonymous_3)
FNDA:1,(anonymous_4)
FNDA:2,(anonymous_5)
DA:1,1
DA:2,3
DA:3,1
DA:4,1
DA:5,1
DA:6,1
DA:9,1
DA:10,0
DA:13,1
DA:14,1
DA:16,1
DA:17,0
DA:20,2
DA:21,0
DA:24,1
DA:25,0
DA:28,1
LF:17
LH:13
BRDA:6,0,0,0
BRDA:6,0,1,1
BRDA:16,1,0,0
BRDA:16,1,1,1
BRDA:16,2,0,1
BRDA:16,2,1,1
BRDA:20,3,0,0
BRDA:20,3,1,1
BRDA:20,4,0,2
BRDA:20,4,1,2
BRDA:20,4,2,2
BRDA:24,5,0,0
BRDA:24,5,1,1
BRDA:24,6,0,1
BRDA:24,6,1,1
BRDA:24,6,2,1
BRF:16
BRH:12
end_of_record
